<?xml version="1.0" encoding="UTF-8"?>
<testng-results skipped="0" failed="0" total="2" passed="2">
  <reporter-output>
  </reporter-output>
  <suite name="Default suite" duration-ms="532" started-at="2020-02-06T10:11:14Z" finished-at="2020-02-06T10:11:15Z">
    <groups>
    </groups>
    <test name="Default test" duration-ms="532" started-at="2020-02-06T10:11:14Z" finished-at="2020-02-06T10:11:15Z">
      <class name="login.ForgotPwdPage">
        <test-method status="PASS" signature="TC_001()[pri:0, instance:login.ForgotPwdPage@3a543f31]" name="TC_001" duration-ms="437" started-at="2020-02-06T15:41:14Z" finished-at="2020-02-06T15:41:15Z">
          <reporter-output>
          </reporter-output>
        </test-method> <!-- TC_001 -->
        <test-method status="PASS" signature="TC_002()[pri:0, instance:login.ForgotPwdPage@3a543f31]" name="TC_002" duration-ms="10" started-at="2020-02-06T15:41:15Z" finished-at="2020-02-06T15:41:15Z">
          <reporter-output>
          </reporter-output>
        </test-method> <!-- TC_002 -->
      </class> <!-- login.ForgotPwdPage -->
    </test> <!-- Default test -->
  </suite> <!-- Default suite -->
</testng-results>
