<?xml version="1.0" encoding="UTF-8"?>
<testng-results skipped="0" failed="0" total="5" passed="5">
  <reporter-output>
  </reporter-output>
  <suite name="loginSuite" duration-ms="283" started-at="2020-02-06T10:09:08Z" finished-at="2020-02-06T10:09:08Z">
    <groups>
    </groups>
    <test name="loginTest" duration-ms="283" started-at="2020-02-06T10:09:08Z" finished-at="2020-02-06T10:09:08Z">
      <class name="login.ForgotPwdPage">
        <test-method status="PASS" signature="TC_001()[pri:0, instance:login.ForgotPwdPage@5b464ce8]" name="TC_001" duration-ms="1" started-at="2020-02-06T15:39:08Z" finished-at="2020-02-06T15:39:08Z">
          <reporter-output>
          </reporter-output>
        </test-method> <!-- TC_001 -->
        <test-method status="PASS" signature="TC_002()[pri:0, instance:login.ForgotPwdPage@5b464ce8]" name="TC_002" duration-ms="1" started-at="2020-02-06T15:39:08Z" finished-at="2020-02-06T15:39:08Z">
          <reporter-output>
          </reporter-output>
        </test-method> <!-- TC_002 -->
      </class> <!-- login.ForgotPwdPage -->
      <class name="login.LoginPage">
        <test-method status="PASS" signature="TC_001()[pri:0, instance:login.LoginPage@511baa65]" name="TC_001" duration-ms="242" started-at="2020-02-06T15:39:08Z" finished-at="2020-02-06T15:39:08Z">
          <reporter-output>
          </reporter-output>
        </test-method> <!-- TC_001 -->
        <test-method status="PASS" signature="TC_002()[pri:0, instance:login.LoginPage@511baa65]" name="TC_002" duration-ms="2" started-at="2020-02-06T15:39:08Z" finished-at="2020-02-06T15:39:08Z">
          <reporter-output>
          </reporter-output>
        </test-method> <!-- TC_002 -->
        <test-method status="PASS" signature="TC_003()[pri:0, instance:login.LoginPage@511baa65]" name="TC_003" duration-ms="4" started-at="2020-02-06T15:39:08Z" finished-at="2020-02-06T15:39:08Z">
          <reporter-output>
          </reporter-output>
        </test-method> <!-- TC_003 -->
      </class> <!-- login.LoginPage -->
    </test> <!-- loginTest -->
  </suite> <!-- loginSuite -->
</testng-results>
