<?xml version="1.0" encoding="UTF-8"?>
<!-- Generated by org.testng.reporters.JUnitXMLReporter -->
<testsuite hostname="DESKTOP-0Q33LGH" name="loginTest" tests="6" failures="0" timestamp="6 Feb 2020 08:45:05 GMT" time="0.108" errors="0">
  <testcase name="TC_001" time="0.036" classname="login.LoginPage"/>
  <testcase name="TC_002" time="0.004" classname="login.LoginPage"/>
  <testcase name="TC_003" time="0.004" classname="login.LoginPage"/>
  <testcase name="TC_001" time="0.004" classname="login.ForgotPwdPage"/>
  <testcase name="TC_002" time="0.004" classname="login.ForgotPwdPage"/>
  <testcase name="TC_003" time="0.004" classname="login.ForgotPwdPage"/>
</testsuite> <!-- loginTest -->
